<!DOCTYPE html PUBLIC "-//W3C//DTD XHTML 1.1//EN" "https://www.w3.org/TR/xhtml11/DTD/xhtml11.dtd">
<html xmlns="https://www.w3.org/1999/xhtml">
<head>
<meta http-equiv="content-type" content="text/html; charset=UTF-8"/>
<title>TestNG Report</title>
<style type="text/css">table {margin-bottom:10px;border-collapse:collapse;empty-cells:show}th,td {border:1px solid #009;padding:.25em .5em}th {vertical-align:bottom}td {vertical-align:top}table a {font-weight:bold}.stripe td {background-color: #E6EBF9}.num {text-align:right}.passedodd td {background-color: #3F3}.passedeven td {background-color: #0A0}.skippedodd td {background-color: #DDD}.skippedeven td {background-color: #CCC}.failedodd td,.attn {background-color: #F33}.failedeven td,.stripe .attn {background-color: #D00}.stacktrace {white-space:pre;font-family:monospace}.totop {font-size:85%;text-align:center;border-bottom:2px solid #000}.invisible {display:none}</style>
</head>
<body>
<table>
<tr><th>Test</th><th># Passed</th><th># Skipped</th><th># Retried</th><th># Failed</th><th>Time (ms)</th><th>Included Groups</th><th>Excluded Groups</th></tr>
<tr><th colspan="8">Suite</th></tr>
<tr><td><a href="#t0">Test</a></td><td class="num">3</td><td class="num attn">1</td><td class="num">0</td><td class="num attn">1</td><td class="num">21,488</td><td></td><td></td></tr>
<tr class="stripe"><td><a href="#t1">Test1</a></td><td class="num">2</td><td class="num attn">1</td><td class="num">0</td><td class="num">0</td><td class="num">8,359</td><td></td><td></td></tr>
<tr><td><a href="#t2">Test2</a></td><td class="num">1</td><td class="num">0</td><td class="num">0</td><td class="num attn">1</td><td class="num">26,930</td><td></td><td></td></tr>
<tr class="stripe"><td><a href="#t3">Test3</a></td><td class="num">2</td><td class="num attn">1</td><td class="num">0</td><td class="num">0</td><td class="num">7,299</td><td></td><td></td></tr>
<tr><th>Total</th><th class="num">8</th><th class="num attn">3</th><th class="num">0</th><th class="num attn">2</th><th class="num">64,076</th><th colspan="2"></th></tr>
</table>
<table id='summary'><thead><tr><th>Class</th><th>Method</th><th>Start</th><th>Time (ms)</th></tr></thead><tbody><tr><th colspan="4">Suite</th></tr></tbody><tbody id="t0"><tr><th colspan="4">Test &#8212; failed</th></tr><tr class="failedeven"><td rowspan="1">stepDefinationEligibility.StepDefinationEligibility</td><td><a href="#m0">it_will_display_the_eligibility_amount</a></td><td rowspan="1">1650519064852</td><td rowspan="1">10114</td></tr><tr><th colspan="4">Test &#8212; skipped</th></tr><tr class="skippedeven"><td rowspan="1">stepDefinationEligibility.StepDefinationEligibility</td><td><a href="#m1">user_enters_and_and_and_and</a></td><td rowspan="1">1650519078239</td><td rowspan="1">0</td></tr><tr><th colspan="4">Test &#8212; passed</th></tr><tr class="passedeven"><td rowspan="3">stepDefinationEligibility.StepDefinationEligibility</td><td><a href="#m2">initialize_the_browser_with_chrome</a></td><td rowspan="1">1650519058003</td><td rowspan="1">6844</td></tr><tr class="passedeven"><td><a href="#m3">navigate_to_something</a></td><td rowspan="1">1650519074980</td><td rowspan="1">2956</td></tr><tr class="passedeven"><td><a href="#m4">user_click_the_check_eligibility_button</a></td><td rowspan="1">1650519077941</td><td rowspan="1">271</td></tr></tbody>
<tbody id="t1"><tr><th colspan="4">Test1 &#8212; skipped</th></tr><tr class="skippedeven"><td rowspan="1">stepDefinationEmi.StepDefinationEmi</td><td><a href="#m5">user_enters_and_and</a></td><td rowspan="1">1650519087757</td><td rowspan="1">0</td></tr><tr><th colspan="4">Test1 &#8212; passed</th></tr><tr class="passedeven"><td rowspan="2">stepDefinationEmi.StepDefinationEmi</td><td><a href="#m6">initialize_the_browser_with_chrome</a></td><td rowspan="1">1650519079536</td><td rowspan="1">1642</td></tr><tr class="passedeven"><td><a href="#m7">navigate_to_something_site</a></td><td rowspan="1">1650519081180</td><td rowspan="1">6560</td></tr></tbody>
<tbody id="t2"><tr><th colspan="4">Test2 &#8212; failed</th></tr><tr class="failedeven"><td rowspan="1">stepDefinationExplore.StepDefinationExplore</td><td><a href="#m8">navigate_to_the_main_home_loans_page</a></td><td rowspan="1">1650519089846</td><td rowspan="1">24555</td></tr><tr><th colspan="4">Test2 &#8212; passed</th></tr><tr class="passedeven"><td rowspan="1">stepDefinationExplore.StepDefinationExplore</td><td><a href="#m9">initialize_and_open_the_browser</a></td><td rowspan="1">1650519087914</td><td rowspan="1">1930</td></tr></tbody>
<tbody id="t3"><tr><th colspan="4">Test3 &#8212; skipped</th></tr><tr class="skippedeven"><td rowspan="1">stepDefinationBalanceTransfer.StepDefinationBalanceTransfer</td><td><a href="#m10">user_enters_the_inputs_in_and_and_and_and_and_and_under_data_fileds</a></td><td rowspan="1">1650519122107</td><td rowspan="1">0</td></tr><tr><th colspan="4">Test3 &#8212; passed</th></tr><tr class="passedeven"><td rowspan="2">stepDefinationBalanceTransfer.StepDefinationBalanceTransfer</td><td><a href="#m11">initialize_the_browser_with_chrome</a></td><td rowspan="1">1650519114868</td><td rowspan="1">1784</td></tr><tr class="passedeven"><td><a href="#m12">navigate_to_something</a></td><td rowspan="1">1650519116666</td><td rowspan="1">5435</td></tr></tbody>
</table>
<h2>Test</h2><h3 id="m0">stepDefinationEligibility.StepDefinationEligibility#it_will_display_the_eligibility_amount</h3><table class="result"><tr><th>Exception</th></tr><tr><td><div class="stacktrace">org.openqa.selenium.NoSuchElementException: no such element: Unable to locate element: {&quot;method&quot;:&quot;css selector&quot;,&quot;selector&quot;:&quot;.home\-loan__calc__preview__emi\-\-label&quot;}
  (Session info: chrome=100.0.4896.127)
For documentation on this error, please visit: https://selenium.dev/exceptions/#no_such_element
Build info: version: &apos;4.1.3&apos;, revision: &apos;7b1ebf28ef&apos;
System info: host: &apos;DESKTOP-H3SJ9V1&apos;, ip: &apos;192.168.229.1&apos;, os.name: &apos;Windows 10&apos;, os.arch: &apos;amd64&apos;, os.version: &apos;10.0&apos;, java.version: &apos;17.0.2&apos;
Driver info: org.openqa.selenium.chrome.ChromeDriver
Command: [ea15d1bd3b3a1aa7acb0310939623f21, findElement {using=class name, value=home-loan__calc__preview__emi--label}]
Capabilities {acceptInsecureCerts: false, browserName: chrome, browserVersion: 100.0.4896.127, chrome: {chromedriverVersion: 100.0.4896.60 (6a5d10861ce8..., userDataDir: C:\Users\USER\AppData\Local...}, goog:chromeOptions: {debuggerAddress: localhost:54560}, javascriptEnabled: true, networkConnectionEnabled: false, pageLoadStrategy: normal, platform: WINDOWS, platformName: WINDOWS, proxy: Proxy(), se:cdp: ws://localhost:54560/devtoo..., se:cdpVersion: 100.0.4896.127, setWindowRect: true, strictFileInteractability: false, timeouts: {implicit: 0, pageLoad: 300000, script: 30000}, unhandledPromptBehavior: dismiss and notify, webauthn:extension:credBlob: true, webauthn:extension:largeBlob: true, webauthn:virtualAuthenticators: true}
Session ID: ea15d1bd3b3a1aa7acb0310939623f21
	at org.openqa.selenium.remote.codec.w3c.W3CHttpResponseCodec.createException(W3CHttpResponseCodec.java:200)
	at org.openqa.selenium.remote.codec.w3c.W3CHttpResponseCodec.decode(W3CHttpResponseCodec.java:133)
	at org.openqa.selenium.remote.codec.w3c.W3CHttpResponseCodec.decode(W3CHttpResponseCodec.java:53)
	at org.openqa.selenium.remote.HttpCommandExecutor.execute(HttpCommandExecutor.java:184)
	at org.openqa.selenium.remote.service.DriverCommandExecutor.invokeExecute(DriverCommandExecutor.java:167)
	at org.openqa.selenium.remote.service.DriverCommandExecutor.execute(DriverCommandExecutor.java:142)
	at org.openqa.selenium.remote.RemoteWebDriver.execute(RemoteWebDriver.java:567)
	at org.openqa.selenium.remote.ElementLocation$ElementFinder$2.findElement(ElementLocation.java:162)
	at org.openqa.selenium.remote.ElementLocation.findElement(ElementLocation.java:66)
	at org.openqa.selenium.remote.RemoteWebDriver.findElement(RemoteWebDriver.java:385)
	at org.openqa.selenium.remote.RemoteWebDriver.findElement(RemoteWebDriver.java:377)
	at pageObjects.EligibilityResult.getEligibilityText1(EligibilityResult.java:23)
	at stepDefinationEligibility.StepDefinationEligibility.it_will_display_the_eligibility_amount(StepDefinationEligibility.java:98)
	at java.base/java.util.ArrayList.forEach(ArrayList.java:1511)
... Removed 32 stack frames</div></td></tr></table><p class="totop"><a href="#summary">back to summary</a></p>
<h3 id="m1">stepDefinationEligibility.StepDefinationEligibility#user_enters_and_and_and_and</h3><table class="result"><tr><th>Exception</th></tr><tr><td><div class="stacktrace">java.lang.RuntimeException: java.lang.NullPointerException: Cannot invoke &quot;java.io.InputStream.markSupported()&quot; because &quot;inp&quot; is null
	at java.base/java.util.ArrayList.forEach(ArrayList.java:1511)
Caused by: java.lang.NullPointerException: Cannot invoke &quot;java.io.InputStream.markSupported()&quot; because &quot;inp&quot; is null
	at org.apache.poi.ss.usermodel.WorkbookFactory.create(WorkbookFactory.java:65)
	at utils.testUtil.getData(testUtil.java:27)
	at stepDefinationEligibility.StepDefinationEligibility.getData(StepDefinationEligibility.java:48)
	... 25 more
... Removed 32 stack frames</div></td></tr></table><p class="totop"><a href="#summary">back to summary</a></p>
<h3 id="m2">stepDefinationEligibility.StepDefinationEligibility#initialize_the_browser_with_chrome</h3><table class="result"><tr><th class="invisible"/></tr></table><p class="totop"><a href="#summary">back to summary</a></p>
<h3 id="m3">stepDefinationEligibility.StepDefinationEligibility#navigate_to_something</h3><table class="result"><tr><th class="invisible"/></tr></table><p class="totop"><a href="#summary">back to summary</a></p>
<h3 id="m4">stepDefinationEligibility.StepDefinationEligibility#user_click_the_check_eligibility_button</h3><table class="result"><tr><th class="invisible"/></tr></table><p class="totop"><a href="#summary">back to summary</a></p>
<h2>Test1</h2><h3 id="m5">stepDefinationEmi.StepDefinationEmi#user_enters_and_and</h3><table class="result"><tr><th>Exception</th></tr><tr><td><div class="stacktrace">java.lang.RuntimeException: java.lang.NullPointerException: Cannot invoke &quot;java.io.InputStream.markSupported()&quot; because &quot;inp&quot; is null
	at java.base/java.util.ArrayList.forEach(ArrayList.java:1511)
Caused by: java.lang.NullPointerException: Cannot invoke &quot;java.io.InputStream.markSupported()&quot; because &quot;inp&quot; is null
	at org.apache.poi.ss.usermodel.WorkbookFactory.create(WorkbookFactory.java:65)
	at utils.testUtil.getData(testUtil.java:27)
	at stepDefinationEmi.StepDefinationEmi.getData(StepDefinationEmi.java:48)
	... 25 more
... Removed 32 stack frames</div></td></tr></table><p class="totop"><a href="#summary">back to summary</a></p>
<h3 id="m6">stepDefinationEmi.StepDefinationEmi#initialize_the_browser_with_chrome</h3><table class="result"><tr><th class="invisible"/></tr></table><p class="totop"><a href="#summary">back to summary</a></p>
<h3 id="m7">stepDefinationEmi.StepDefinationEmi#navigate_to_something_site</h3><table class="result"><tr><th class="invisible"/></tr></table><p class="totop"><a href="#summary">back to summary</a></p>
<h2>Test2</h2><h3 id="m8">stepDefinationExplore.StepDefinationExplore#navigate_to_the_main_home_loans_page</h3><table class="result"><tr><th>Exception</th></tr><tr><td><div class="stacktrace">org.openqa.selenium.NoSuchElementException: no such element: Unable to locate element: {&quot;method&quot;:&quot;css selector&quot;,&quot;selector&quot;:&quot;.aspaHL__keyHlit__title&quot;}
  (Session info: chrome=100.0.4896.127)
For documentation on this error, please visit: https://selenium.dev/exceptions/#no_such_element
Build info: version: &apos;4.1.3&apos;, revision: &apos;7b1ebf28ef&apos;
System info: host: &apos;DESKTOP-H3SJ9V1&apos;, ip: &apos;192.168.229.1&apos;, os.name: &apos;Windows 10&apos;, os.arch: &apos;amd64&apos;, os.version: &apos;10.0&apos;, java.version: &apos;17.0.2&apos;
Driver info: org.openqa.selenium.chrome.ChromeDriver
Command: [fac591ef155c06a0f4d2457a47471261, findElement {using=class name, value=aspaHL__keyHlit__title}]
Capabilities {acceptInsecureCerts: false, browserName: chrome, browserVersion: 100.0.4896.127, chrome: {chromedriverVersion: 100.0.4896.60 (6a5d10861ce8..., userDataDir: C:\Users\USER\AppData\Local...}, goog:chromeOptions: {debuggerAddress: localhost:54628}, javascriptEnabled: true, networkConnectionEnabled: false, pageLoadStrategy: normal, platform: WINDOWS, platformName: WINDOWS, proxy: Proxy(), se:cdp: ws://localhost:54628/devtoo..., se:cdpVersion: 100.0.4896.127, setWindowRect: true, strictFileInteractability: false, timeouts: {implicit: 0, pageLoad: 300000, script: 30000}, unhandledPromptBehavior: dismiss and notify, webauthn:extension:credBlob: true, webauthn:extension:largeBlob: true, webauthn:virtualAuthenticators: true}
Session ID: fac591ef155c06a0f4d2457a47471261
	at org.openqa.selenium.remote.codec.w3c.W3CHttpResponseCodec.createException(W3CHttpResponseCodec.java:200)
	at org.openqa.selenium.remote.codec.w3c.W3CHttpResponseCodec.decode(W3CHttpResponseCodec.java:133)
	at org.openqa.selenium.remote.codec.w3c.W3CHttpResponseCodec.decode(W3CHttpResponseCodec.java:53)
	at org.openqa.selenium.remote.HttpCommandExecutor.execute(HttpCommandExecutor.java:184)
	at org.openqa.selenium.remote.service.DriverCommandExecutor.invokeExecute(DriverCommandExecutor.java:167)
	at org.openqa.selenium.remote.service.DriverCommandExecutor.execute(DriverCommandExecutor.java:142)
	at org.openqa.selenium.remote.RemoteWebDriver.execute(RemoteWebDriver.java:567)
	at org.openqa.selenium.remote.ElementLocation$ElementFinder$2.findElement(ElementLocation.java:162)
	at org.openqa.selenium.remote.ElementLocation.findElement(ElementLocation.java:66)
	at org.openqa.selenium.remote.RemoteWebDriver.findElement(RemoteWebDriver.java:385)
	at org.openqa.selenium.remote.RemoteWebDriver.findElement(RemoteWebDriver.java:377)
	at pageObjects.ExploreButton.getKeyText(ExploreButton.java:25)
	at stepDefinationExplore.StepDefinationExplore.navigate_to_the_main_home_loans_page(StepDefinationExplore.java:52)
	at java.base/java.util.ArrayList.forEach(ArrayList.java:1511)
... Removed 32 stack frames</div></td></tr></table><p class="totop"><a href="#summary">back to summary</a></p>
<h3 id="m9">stepDefinationExplore.StepDefinationExplore#initialize_and_open_the_browser</h3><table class="result"><tr><th class="invisible"/></tr></table><p class="totop"><a href="#summary">back to summary</a></p>
<h2>Test3</h2><h3 id="m10">stepDefinationBalanceTransfer.StepDefinationBalanceTransfer#user_enters_the_inputs_in_and_and_and_and_and_and_under_data_fileds</h3><table class="result"><tr><th>Exception</th></tr><tr><td><div class="stacktrace">java.lang.RuntimeException: java.lang.NullPointerException: Cannot invoke &quot;java.io.InputStream.markSupported()&quot; because &quot;inp&quot; is null
	at java.base/java.util.ArrayList.forEach(ArrayList.java:1511)
Caused by: java.lang.NullPointerException: Cannot invoke &quot;java.io.InputStream.markSupported()&quot; because &quot;inp&quot; is null
	at org.apache.poi.ss.usermodel.WorkbookFactory.create(WorkbookFactory.java:65)
	at utils.testUtil.getData(testUtil.java:27)
	at stepDefinationBalanceTransfer.StepDefinationBalanceTransfer.getData(StepDefinationBalanceTransfer.java:51)
	... 25 more
... Removed 32 stack frames</div></td></tr></table><p class="totop"><a href="#summary">back to summary</a></p>
<h3 id="m11">stepDefinationBalanceTransfer.StepDefinationBalanceTransfer#initialize_the_browser_with_chrome</h3><table class="result"><tr><th class="invisible"/></tr></table><p class="totop"><a href="#summary">back to summary</a></p>
<h3 id="m12">stepDefinationBalanceTransfer.StepDefinationBalanceTransfer#navigate_to_something</h3><table class="result"><tr><th class="invisible"/></tr></table><p class="totop"><a href="#summary">back to summary</a></p>
</body>
</html>
