<?xml version="1.0" encoding="UTF-8"?>
<!-- Generated by org.testng.reporters.JUnitXMLReporter -->
<testsuite ignored="0" hostname="INLEN8520037369" failures="3" tests="4" name="Test4" time="2.979" errors="0" timestamp="2022-04-13T12:32:29 IST">
  <testcase classname="stepDefination.StepDefination" name="click_get_started_button" time="0.001">
    <failure type="java.lang.NullPointerException" message="Cannot invoke &amp;quot;org.openqa.selenium.WebDriver.findElement(org.openqa.selenium.By)&amp;quot; because &amp;quot;this.driver&amp;quot; is null">
      <![CDATA[java.lang.NullPointerException: Cannot invoke "org.openqa.selenium.WebDriver.findElement(org.openqa.selenium.By)" because "this.driver" is null
at pageObjects.GetStartedPage.getGetStarted(GetStartedPage.java:36)
at stepDefination.StepDefination.click_get_started_button(StepDefination.java:63)
at java.base/java.util.ArrayList.forEach(ArrayList.java:1511)
... Removed 27 stack frames]]>
    </failure>
  </testcase> <!-- click_get_started_button -->
  <testcase classname="stepDefination.StepDefination" name="click_the_checkbox" time="0.001">
    <failure type="java.lang.NullPointerException" message="Cannot invoke &amp;quot;org.openqa.selenium.WebDriver.findElement(org.openqa.selenium.By)&amp;quot; because &amp;quot;this.driver&amp;quot; is null">
      <![CDATA[java.lang.NullPointerException: Cannot invoke "org.openqa.selenium.WebDriver.findElement(org.openqa.selenium.By)" because "this.driver" is null
at pageObjects.GetStartedPage.getCheckBox(GetStartedPage.java:31)
at stepDefination.StepDefination.click_the_checkbox(StepDefination.java:56)
at java.base/java.util.ArrayList.forEach(ArrayList.java:1511)
... Removed 27 stack frames]]>
    </failure>
  </testcase> <!-- click_the_checkbox -->
  <testcase classname="stepDefination.StepDefination" name="user_enters_the_and" time="0.003">
    <failure type="java.lang.NullPointerException" message="Cannot invoke &amp;quot;org.openqa.selenium.WebDriver.findElement(org.openqa.selenium.By)&amp;quot; because &amp;quot;this.driver&amp;quot; is null">
      <![CDATA[java.lang.NullPointerException: Cannot invoke "org.openqa.selenium.WebDriver.findElement(org.openqa.selenium.By)" because "this.driver" is null
at pageObjects.GetStartedPage.getLoanAmount(GetStartedPage.java:22)
at stepDefination.StepDefination.user_enters_the_and(StepDefination.java:46)
at java.base/java.util.ArrayList.forEach(ArrayList.java:1511)
... Removed 27 stack frames]]>
    </failure>
  </testcase> <!-- user_enters_the_and -->
  <testcase classname="stepDefination.StepDefination" name="user_is_able_to_visit_the_site_something" time="2.862"/>
</testsuite> <!-- Test4 -->
